<?xml version="1.0" encoding="UTF-8"?>
<TestRun id="1926fc79-8fde-47c2-bc74-dd7cc20f3edc" name="shibathethinker@SHIBASIS 2019-02-01 13:33:23" runUser="SHIBASIS\shibathethinker" xmlns="http://microsoft.com/schemas/VisualStudio/TeamTest/2010">
  <TestSettings name="Local" id="b2911e99-cd20-407d-b0ac-3703ca589d90">
    <Description>These are default test settings for a local test run.</Description>
    <Deployment enabled="false" runDeploymentRoot="shibathethinker_SHIBASIS 2019-02-01 13_33_23">
      <DeploymentItem filename="C:\Users\shibathethinker\Documents\GitHub\Csharp_Projects\NASA_Rover\Rover_Project\bin\Debug\Rover_Project.exe" />
    </Deployment>
    <Execution>
      <TestTypeSpecific />
      <AgentRule name="Execution Agents">
      </AgentRule>
    </Execution>
  </TestSettings>
  <Times creation="2019-02-01T13:33:23.0364146+11:00" queuing="2019-02-01T13:33:23.1284180+11:00" start="2019-02-01T13:33:23.1344148+11:00" finish="2019-02-01T13:33:23.5151965+11:00" />
  <ResultSummary outcome="Completed">
    <Counters total="6" executed="6" passed="6" error="0" failed="0" timeout="0" aborted="0" inconclusive="0" passedButRunAborted="0" notRunnable="0" notExecuted="0" disconnected="0" warning="0" completed="0" inProgress="0" pending="0" />
  </ResultSummary>
  <TestDefinitions>
    <UnitTest name="TestMethod2" storage="c:\users\shibathethinker\documents\github\csharp_projects\nasa_rover\rover_project\testproject1\bin\debug\testproject1.dll" id="434daec2-f146-0c86-1919-a9a24af40d21">
      <Execution id="74d1b1be-2351-4e3f-a267-9efb283bb34f" />
      <TestMethod codeBase="C:/Users/shibathethinker/Documents/GitHub/Csharp_Projects/NASA_Rover/Rover_Project/TestProject1/bin/Debug/TestProject1.DLL" adapterTypeName="Microsoft.VisualStudio.TestTools.TestTypes.Unit.UnitTestAdapter, Microsoft.VisualStudio.QualityTools.Tips.UnitTest.Adapter, Version=10.0.0.0, Culture=neutral, PublicKeyToken=b03f5f7f11d50a3a" className="TestProject1.UnitTestRover, TestProject1, Version=1.0.0.0, Culture=neutral, PublicKeyToken=null" name="TestMethod2" />
    </UnitTest>
    <UnitTest name="TestMethod4" storage="c:\users\shibathethinker\documents\github\csharp_projects\nasa_rover\rover_project\testproject1\bin\debug\testproject1.dll" id="52ed34ed-9626-2df1-fd64-50c20bffe11c">
      <Execution id="afdfd547-573a-4ea6-bf1f-5c376392367b" />
      <TestMethod codeBase="C:/Users/shibathethinker/Documents/GitHub/Csharp_Projects/NASA_Rover/Rover_Project/TestProject1/bin/Debug/TestProject1.DLL" adapterTypeName="Microsoft.VisualStudio.TestTools.TestTypes.Unit.UnitTestAdapter, Microsoft.VisualStudio.QualityTools.Tips.UnitTest.Adapter, Version=10.0.0.0, Culture=neutral, PublicKeyToken=b03f5f7f11d50a3a" className="TestProject1.UnitTestRover, TestProject1, Version=1.0.0.0, Culture=neutral, PublicKeyToken=null" name="TestMethod4" />
    </UnitTest>
    <UnitTest name="TestMethod5" storage="c:\users\shibathethinker\documents\github\csharp_projects\nasa_rover\rover_project\testproject1\bin\debug\testproject1.dll" id="0fb994ef-ca46-bf38-d38a-44d31364ff3b">
      <Execution id="9c121a79-de9f-4147-bea7-f4e9ddcd7be0" />
      <TestMethod codeBase="C:/Users/shibathethinker/Documents/GitHub/Csharp_Projects/NASA_Rover/Rover_Project/TestProject1/bin/Debug/TestProject1.DLL" adapterTypeName="Microsoft.VisualStudio.TestTools.TestTypes.Unit.UnitTestAdapter, Microsoft.VisualStudio.QualityTools.Tips.UnitTest.Adapter, Version=10.0.0.0, Culture=neutral, PublicKeyToken=b03f5f7f11d50a3a" className="TestProject1.UnitTestRover, TestProject1, Version=1.0.0.0, Culture=neutral, PublicKeyToken=null" name="TestMethod5" />
    </UnitTest>
    <UnitTest name="TestMethod6" storage="c:\users\shibathethinker\documents\github\csharp_projects\nasa_rover\rover_project\testproject1\bin\debug\testproject1.dll" id="0b766a8d-5a99-0456-7384-3d835ab2020e">
      <Execution id="35ca9369-6d92-4ba2-9296-a0fcab84d0cc" />
      <TestMethod codeBase="C:/Users/shibathethinker/Documents/GitHub/Csharp_Projects/NASA_Rover/Rover_Project/TestProject1/bin/Debug/TestProject1.DLL" adapterTypeName="Microsoft.VisualStudio.TestTools.TestTypes.Unit.UnitTestAdapter, Microsoft.VisualStudio.QualityTools.Tips.UnitTest.Adapter, Version=10.0.0.0, Culture=neutral, PublicKeyToken=b03f5f7f11d50a3a" className="TestProject1.UnitTestRover, TestProject1, Version=1.0.0.0, Culture=neutral, PublicKeyToken=null" name="TestMethod6" />
    </UnitTest>
    <UnitTest name="TestMethod1" storage="c:\users\shibathethinker\documents\github\csharp_projects\nasa_rover\rover_project\testproject1\bin\debug\testproject1.dll" id="ad616acd-2838-3dbd-c1c0-4bd9e5b4b309">
      <Execution id="d9273c5f-fa43-4ad9-bf55-aad1dd5a0d59" />
      <TestMethod codeBase="C:/Users/shibathethinker/Documents/GitHub/Csharp_Projects/NASA_Rover/Rover_Project/TestProject1/bin/Debug/TestProject1.DLL" adapterTypeName="Microsoft.VisualStudio.TestTools.TestTypes.Unit.UnitTestAdapter, Microsoft.VisualStudio.QualityTools.Tips.UnitTest.Adapter, Version=10.0.0.0, Culture=neutral, PublicKeyToken=b03f5f7f11d50a3a" className="TestProject1.UnitTestRover, TestProject1, Version=1.0.0.0, Culture=neutral, PublicKeyToken=null" name="TestMethod1" />
    </UnitTest>
    <UnitTest name="TestMethod3" storage="c:\users\shibathethinker\documents\github\csharp_projects\nasa_rover\rover_project\testproject1\bin\debug\testproject1.dll" id="22a2fac6-1c6c-c526-e7b0-1c4a8023046b">
      <Execution id="14c42a87-56fd-42cc-807a-0e9aa60b550e" />
      <TestMethod codeBase="C:/Users/shibathethinker/Documents/GitHub/Csharp_Projects/NASA_Rover/Rover_Project/TestProject1/bin/Debug/TestProject1.DLL" adapterTypeName="Microsoft.VisualStudio.TestTools.TestTypes.Unit.UnitTestAdapter, Microsoft.VisualStudio.QualityTools.Tips.UnitTest.Adapter, Version=10.0.0.0, Culture=neutral, PublicKeyToken=b03f5f7f11d50a3a" className="TestProject1.UnitTestRover, TestProject1, Version=1.0.0.0, Culture=neutral, PublicKeyToken=null" name="TestMethod3" />
    </UnitTest>
  </TestDefinitions>
  <TestLists>
    <TestList name="Results Not in a List" id="8c84fa94-04c1-424b-9868-57a2d4851a1d" />
    <TestList name="All Loaded Results" id="19431567-8539-422a-85d7-44ee4e166bda" />
  </TestLists>
  <TestEntries>
    <TestEntry testId="0b766a8d-5a99-0456-7384-3d835ab2020e" executionId="35ca9369-6d92-4ba2-9296-a0fcab84d0cc" testListId="8c84fa94-04c1-424b-9868-57a2d4851a1d" />
    <TestEntry testId="0fb994ef-ca46-bf38-d38a-44d31364ff3b" executionId="9c121a79-de9f-4147-bea7-f4e9ddcd7be0" testListId="8c84fa94-04c1-424b-9868-57a2d4851a1d" />
    <TestEntry testId="22a2fac6-1c6c-c526-e7b0-1c4a8023046b" executionId="14c42a87-56fd-42cc-807a-0e9aa60b550e" testListId="8c84fa94-04c1-424b-9868-57a2d4851a1d" />
    <TestEntry testId="434daec2-f146-0c86-1919-a9a24af40d21" executionId="74d1b1be-2351-4e3f-a267-9efb283bb34f" testListId="8c84fa94-04c1-424b-9868-57a2d4851a1d" />
    <TestEntry testId="52ed34ed-9626-2df1-fd64-50c20bffe11c" executionId="afdfd547-573a-4ea6-bf1f-5c376392367b" testListId="8c84fa94-04c1-424b-9868-57a2d4851a1d" />
    <TestEntry testId="ad616acd-2838-3dbd-c1c0-4bd9e5b4b309" executionId="d9273c5f-fa43-4ad9-bf55-aad1dd5a0d59" testListId="8c84fa94-04c1-424b-9868-57a2d4851a1d" />
  </TestEntries>
  <Results>
    <UnitTestResult executionId="35ca9369-6d92-4ba2-9296-a0fcab84d0cc" testId="0b766a8d-5a99-0456-7384-3d835ab2020e" testName="TestMethod6" computerName="SHIBASIS" duration="00:00:00.0216872" startTime="2019-02-01T13:33:23.1434101+11:00" endTime="2019-02-01T13:33:23.4442373+11:00" testType="13cdc9d9-ddb5-4fa4-a97d-d965ccfc6d4b" outcome="Passed" testListId="8c84fa94-04c1-424b-9868-57a2d4851a1d" relativeResultsDirectory="35ca9369-6d92-4ba2-9296-a0fcab84d0cc">
    </UnitTestResult>
    <UnitTestResult executionId="9c121a79-de9f-4147-bea7-f4e9ddcd7be0" testId="0fb994ef-ca46-bf38-d38a-44d31364ff3b" testName="TestMethod5" computerName="SHIBASIS" duration="00:00:00.0022544" startTime="2019-02-01T13:33:23.4522323+11:00" endTime="2019-02-01T13:33:23.4572299+11:00" testType="13cdc9d9-ddb5-4fa4-a97d-d965ccfc6d4b" outcome="Passed" testListId="8c84fa94-04c1-424b-9868-57a2d4851a1d" relativeResultsDirectory="9c121a79-de9f-4147-bea7-f4e9ddcd7be0">
    </UnitTestResult>
    <UnitTestResult executionId="14c42a87-56fd-42cc-807a-0e9aa60b550e" testId="22a2fac6-1c6c-c526-e7b0-1c4a8023046b" testName="TestMethod3" computerName="SHIBASIS" duration="00:00:00.0002408" startTime="2019-02-01T13:33:23.4642262+11:00" endTime="2019-02-01T13:33:23.4662280+11:00" testType="13cdc9d9-ddb5-4fa4-a97d-d965ccfc6d4b" outcome="Passed" testListId="8c84fa94-04c1-424b-9868-57a2d4851a1d" relativeResultsDirectory="14c42a87-56fd-42cc-807a-0e9aa60b550e">
    </UnitTestResult>
    <UnitTestResult executionId="74d1b1be-2351-4e3f-a267-9efb283bb34f" testId="434daec2-f146-0c86-1919-a9a24af40d21" testName="TestMethod2" computerName="SHIBASIS" duration="00:00:00.0002333" startTime="2019-02-01T13:33:23.4742203+11:00" endTime="2019-02-01T13:33:23.4772212+11:00" testType="13cdc9d9-ddb5-4fa4-a97d-d965ccfc6d4b" outcome="Passed" testListId="8c84fa94-04c1-424b-9868-57a2d4851a1d" relativeResultsDirectory="74d1b1be-2351-4e3f-a267-9efb283bb34f">
    </UnitTestResult>
    <UnitTestResult executionId="afdfd547-573a-4ea6-bf1f-5c376392367b" testId="52ed34ed-9626-2df1-fd64-50c20bffe11c" testName="TestMethod4" computerName="SHIBASIS" duration="00:00:00.0002443" startTime="2019-02-01T13:33:23.4842144+11:00" endTime="2019-02-01T13:33:23.4872134+11:00" testType="13cdc9d9-ddb5-4fa4-a97d-d965ccfc6d4b" outcome="Passed" testListId="8c84fa94-04c1-424b-9868-57a2d4851a1d" relativeResultsDirectory="afdfd547-573a-4ea6-bf1f-5c376392367b">
    </UnitTestResult>
    <UnitTestResult executionId="d9273c5f-fa43-4ad9-bf55-aad1dd5a0d59" testId="ad616acd-2838-3dbd-c1c0-4bd9e5b4b309" testName="TestMethod1" computerName="SHIBASIS" duration="00:00:00.0002329" startTime="2019-02-01T13:33:23.4942089+11:00" endTime="2019-02-01T13:33:23.4972106+11:00" testType="13cdc9d9-ddb5-4fa4-a97d-d965ccfc6d4b" outcome="Passed" testListId="8c84fa94-04c1-424b-9868-57a2d4851a1d" relativeResultsDirectory="d9273c5f-fa43-4ad9-bf55-aad1dd5a0d59">
    </UnitTestResult>
  </Results>
</TestRun>