<?xml version="1.0" encoding="UTF-8"?>
<TestRun id="c9b2df1c-7625-4324-ae87-ee0f0317d6c2" name="shibathethinker@SHIBASIS 2019-02-01 11:33:11" runUser="SHIBASIS\shibathethinker" xmlns="http://microsoft.com/schemas/VisualStudio/TeamTest/2010">
  <TestSettings name="Local" id="b2911e99-cd20-407d-b0ac-3703ca589d90">
    <Description>These are default test settings for a local test run.</Description>
    <Deployment enabled="false" runDeploymentRoot="shibathethinker_SHIBASIS 2019-02-01 11_33_11">
      <DeploymentItem filename="C:\Users\shibathethinker\Documents\GitHub\Csharp_Projects\NASA_Rover\Rover_Project\bin\Debug\Rover_Project.exe" />
    </Deployment>
    <Execution>
      <TestTypeSpecific />
      <AgentRule name="Execution Agents">
      </AgentRule>
    </Execution>
  </TestSettings>
  <Times creation="2019-02-01T11:33:11.2990659+11:00" queuing="2019-02-01T11:33:12.8011966+11:00" start="2019-02-01T11:33:13.0670466+11:00" finish="2019-02-01T11:33:15.3767227+11:00" />
  <ResultSummary outcome="Failed">
    <Counters total="1" executed="1" error="0" failed="1" timeout="0" aborted="0" inconclusive="0" passedButRunAborted="0" notRunnable="0" notExecuted="0" disconnected="0" warning="0" passed="0" completed="0" inProgress="0" pending="0" />
  </ResultSummary>
  <TestDefinitions>
    <UnitTest name="TestMethod1" storage="c:\users\shibathethinker\documents\github\csharp_projects\nasa_rover\rover_project\testproject1\bin\debug\testproject1.dll" id="ad616acd-2838-3dbd-c1c0-4bd9e5b4b309">
      <Execution id="7546ea8e-2efd-4623-9681-cd98a5ef0171" />
      <TestMethod codeBase="C:/Users/shibathethinker/Documents/GitHub/Csharp_Projects/NASA_Rover/Rover_Project/TestProject1/bin/Debug/TestProject1.DLL" adapterTypeName="Microsoft.VisualStudio.TestTools.TestTypes.Unit.UnitTestAdapter, Microsoft.VisualStudio.QualityTools.Tips.UnitTest.Adapter, Version=10.0.0.0, Culture=neutral, PublicKeyToken=b03f5f7f11d50a3a" className="TestProject1.UnitTestRover, TestProject1, Version=1.0.0.0, Culture=neutral, PublicKeyToken=null" name="TestMethod1" />
    </UnitTest>
  </TestDefinitions>
  <TestLists>
    <TestList name="Results Not in a List" id="8c84fa94-04c1-424b-9868-57a2d4851a1d" />
    <TestList name="All Loaded Results" id="19431567-8539-422a-85d7-44ee4e166bda" />
  </TestLists>
  <TestEntries>
    <TestEntry testId="ad616acd-2838-3dbd-c1c0-4bd9e5b4b309" executionId="7546ea8e-2efd-4623-9681-cd98a5ef0171" testListId="8c84fa94-04c1-424b-9868-57a2d4851a1d" />
  </TestEntries>
  <Results>
    <UnitTestResult executionId="7546ea8e-2efd-4623-9681-cd98a5ef0171" testId="ad616acd-2838-3dbd-c1c0-4bd9e5b4b309" testName="TestMethod1" computerName="SHIBASIS" duration="00:00:00.1603470" startTime="2019-02-01T11:33:13.4048594+11:00" endTime="2019-02-01T11:33:15.1828346+11:00" testType="13cdc9d9-ddb5-4fa4-a97d-d965ccfc6d4b" outcome="Failed" testListId="8c84fa94-04c1-424b-9868-57a2d4851a1d" relativeResultsDirectory="7546ea8e-2efd-4623-9681-cd98a5ef0171">
      <Output>
        <ErrorInfo>
          <Message>Assert.IsTrue failed. </Message>
          <StackTrace>   at TestProject1.UnitTestRover.TestMethod1() in C:\Users\shibathethinker\Documents\GitHub\Csharp_Projects\NASA_Rover\Rover_Project\TestProject1\UnitTestRover.cs:line 25
</StackTrace>
        </ErrorInfo>
      </Output>
    </UnitTestResult>
  </Results>
</TestRun>